[GIN-debug] [WARNING] Running in "debug" mode. Switch to "release" mode in production.
 - using env:	export GIN_MODE=release
 - using code:	gin.SetMode(gin.ReleaseMode)

[GIN-debug] GET    /health                   --> main.main.func1 (2 handlers)
[GIN-debug] POST   /api/v1/admin/login       --> fluent-life-admin-api/internal/handlers.(*AdminHandler).Login-fm (2 handlers)
[GIN-debug] GET    /api/v1/test-root         --> fluent-life-admin-api/internal/handlers.(*AdminHandler).TestRoute-fm (2 handlers)
[GIN-debug] GET    /api/v1/admin/users       --> fluent-life-admin-api/internal/handlers.(*AdminHandler).GetUsers-fm (4 handlers)
[GIN-debug] GET    /api/v1/admin/users/:id   --> fluent-life-admin-api/internal/handlers.(*AdminHandler).GetUser-fm (4 handlers)
[GIN-debug] POST   /api/v1/admin/users       --> fluent-life-admin-api/internal/handlers.(*AdminHandler).CreateUser-fm (4 handlers)
[GIN-debug] PUT    /api/v1/admin/users/:id   --> fluent-life-admin-api/internal/handlers.(*AdminHandler).UpdateUser-fm (4 handlers)
[GIN-debug] DELETE /api/v1/admin/users/:id   --> fluent-life-admin-api/internal/handlers.(*AdminHandler).DeleteUser-fm (4 handlers)
[GIN-debug] GET    /api/v1/admin/posts       --> fluent-life-admin-api/internal/handlers.(*AdminHandler).GetPosts-fm (4 handlers)
[GIN-debug] GET    /api/v1/admin/posts/:id   --> fluent-life-admin-api/internal/handlers.(*AdminHandler).GetPost-fm (4 handlers)
[GIN-debug] POST   /api/v1/admin/posts       --> fluent-life-admin-api/internal/handlers.(*AdminHandler).CreatePost-fm (4 handlers)
[GIN-debug] PUT    /api/v1/admin/posts/:id   --> fluent-life-admin-api/internal/handlers.(*AdminHandler).UpdatePost-fm (4 handlers)
[GIN-debug] POST   /api/v1/admin/posts/delete-batch --> fluent-life-admin-api/internal/handlers.(*AdminHandler).DeletePost-fm (4 handlers)
[GIN-debug] GET    /api/v1/admin/rooms       --> fluent-life-admin-api/internal/handlers.(*AdminHandler).GetRooms-fm (4 handlers)
[GIN-debug] GET    /api/v1/admin/rooms/:id   --> fluent-life-admin-api/internal/handlers.(*AdminHandler).GetRoom-fm (4 handlers)
[GIN-debug] POST   /api/v1/admin/rooms       --> fluent-life-admin-api/internal/handlers.(*AdminHandler).CreateRoom-fm (4 handlers)
[GIN-debug] PUT    /api/v1/admin/rooms/:id   --> fluent-life-admin-api/internal/handlers.(*AdminHandler).UpdateRoom-fm (4 handlers)
[GIN-debug] DELETE /api/v1/admin/rooms/:id   --> fluent-life-admin-api/internal/handlers.(*AdminHandler).DeleteRoom-fm (4 handlers)
[GIN-debug] POST   /api/v1/admin/rooms/delete-batch --> fluent-life-admin-api/internal/handlers.(*AdminHandler).DeleteRoom-fm (4 handlers)
[GIN-debug] PATCH  /api/v1/admin/rooms/:id/toggle --> fluent-life-admin-api/internal/handlers.(*AdminHandler).ToggleRoom-fm (4 handlers)
[GIN-debug] GET    /api/v1/admin/training/stats --> fluent-life-admin-api/internal/handlers.(*AdminHandler).GetTrainingStats-fm (4 handlers)
[GIN-debug] GET    /api/v1/admin/training/detailed-stats --> fluent-life-admin-api/internal/handlers.(*AdminHandler).GetDetailedStats-fm (4 handlers)
[GIN-debug] GET    /api/v1/admin/training/records --> fluent-life-admin-api/internal/handlers.(*AdminHandler).GetTrainingRecords-fm (4 handlers)
[GIN-debug] GET    /api/v1/admin/training/records/:id --> fluent-life-admin-api/internal/handlers.(*AdminHandler).GetTrainingRecord-fm (4 handlers)
[GIN-debug] PUT    /api/v1/admin/training/records/:id --> fluent-life-admin-api/internal/handlers.(*AdminHandler).UpdateTrainingRecord-fm (4 handlers)
[GIN-debug] POST   /api/v1/admin/training/records/delete-batch --> fluent-life-admin-api/internal/handlers.(*AdminHandler).DeleteTrainingRecord-fm (4 handlers)
[GIN-debug] GET    /api/v1/admin/operation-logs --> fluent-life-admin-api/internal/handlers.(*AdminHandler).GetOperationLogs-fm (4 handlers)
[GIN-debug] GET    /api/v1/admin/operation-logs/:id --> fluent-life-admin-api/internal/handlers.(*AdminHandler).GetOperationLog-fm (4 handlers)
[GIN-debug] GET    /api/v1/admin/comments    --> fluent-life-admin-api/internal/handlers.(*AdminHandler).GetComments-fm (4 handlers)
[GIN-debug] GET    /api/v1/admin/comments/:id --> fluent-life-admin-api/internal/handlers.(*AdminHandler).GetComment-fm (4 handlers)
[GIN-debug] PUT    /api/v1/admin/comments/:id --> fluent-life-admin-api/internal/handlers.(*AdminHandler).UpdateComment-fm (4 handlers)
[GIN-debug] POST   /api/v1/admin/comments/delete-batch --> fluent-life-admin-api/internal/handlers.(*AdminHandler).DeleteComment-fm (4 handlers)
[GIN-debug] GET    /api/v1/admin/follows     --> fluent-life-admin-api/internal/handlers.(*AdminHandler).GetFollows-fm (4 handlers)
[GIN-debug] POST   /api/v1/admin/follows/delete-batch --> fluent-life-admin-api/internal/handlers.(*AdminHandler).DeleteFollow-fm (4 handlers)
[GIN-debug] GET    /api/v1/admin/post-collections --> fluent-life-admin-api/internal/handlers.(*AdminHandler).GetPostCollections-fm (4 handlers)
[GIN-debug] POST   /api/v1/admin/post-collections/delete-batch --> fluent-life-admin-api/internal/handlers.(*AdminHandler).DeletePostCollection-fm (4 handlers)
[GIN-debug] GET    /api/v1/admin/post-likes  --> fluent-life-admin-api/internal/handlers.(*AdminHandler).GetPostLikes-fm (4 handlers)
[GIN-debug] POST   /api/v1/admin/post-likes/delete-batch --> fluent-life-admin-api/internal/handlers.(*AdminHandler).DeletePostLike-fm (4 handlers)
[GIN-debug] GET    /api/v1/admin/tongue-twisters --> fluent-life-admin-api/internal/handlers.(*AdminHandler).GetTongueTwisters-fm (4 handlers)
[GIN-debug] GET    /api/v1/admin/tongue-twisters/:id --> fluent-life-admin-api/internal/handlers.(*AdminHandler).GetTongueTwister-fm (4 handlers)
[GIN-debug] POST   /api/v1/admin/tongue-twisters --> fluent-life-admin-api/internal/handlers.(*AdminHandler).CreateTongueTwister-fm (4 handlers)
[GIN-debug] POST   /api/v1/admin/tongue-twisters/batch-create --> fluent-life-admin-api/internal/handlers.(*AdminHandler).BatchCreateTongueTwisters-fm (4 handlers)
[GIN-debug] PUT    /api/v1/admin/tongue-twisters/:id --> fluent-life-admin-api/internal/handlers.(*AdminHandler).UpdateTongueTwister-fm (4 handlers)
[GIN-debug] POST   /api/v1/admin/tongue-twisters/delete-batch --> fluent-life-admin-api/internal/handlers.(*AdminHandler).DeleteTongueTwister-fm (4 handlers)
[GIN-debug] DELETE /api/v1/admin/tongue-twisters/all --> fluent-life-admin-api/internal/handlers.(*AdminHandler).DeleteAllTongueTwisters-fm (4 handlers)
[GIN-debug] POST   /api/v1/admin/tongue-twisters/clean --> fluent-life-admin-api/internal/handlers.(*AdminHandler).CleanTongueTwisters-fm (4 handlers)
[GIN-debug] GET    /api/v1/admin/daily-expressions --> fluent-life-admin-api/internal/handlers.(*AdminHandler).GetDailyExpressions-fm (4 handlers)
[GIN-debug] GET    /api/v1/admin/daily-expressions/:id --> fluent-life-admin-api/internal/handlers.(*AdminHandler).GetDailyExpression-fm (4 handlers)
[GIN-debug] POST   /api/v1/admin/daily-expressions --> fluent-life-admin-api/internal/handlers.(*AdminHandler).CreateDailyExpression-fm (4 handlers)
[GIN-debug] POST   /api/v1/admin/daily-expressions/batch-create --> fluent-life-admin-api/internal/handlers.(*AdminHandler).BatchCreateDailyExpressions-fm (4 handlers)
[GIN-debug] PUT    /api/v1/admin/daily-expressions/:id --> fluent-life-admin-api/internal/handlers.(*AdminHandler).UpdateDailyExpression-fm (4 handlers)
[GIN-debug] POST   /api/v1/admin/daily-expressions/delete-batch --> fluent-life-admin-api/internal/handlers.(*AdminHandler).DeleteDailyExpression-fm (4 handlers)
[GIN-debug] GET    /api/v1/admin/speech-techniques --> fluent-life-admin-api/internal/handlers.(*AdminHandler).GetSpeechTechniques-fm (4 handlers)
[GIN-debug] GET    /api/v1/admin/speech-techniques/:id --> fluent-life-admin-api/internal/handlers.(*AdminHandler).GetSpeechTechnique-fm (4 handlers)
[GIN-debug] POST   /api/v1/admin/speech-techniques --> fluent-life-admin-api/internal/handlers.(*AdminHandler).CreateSpeechTechnique-fm (4 handlers)
[GIN-debug] POST   /api/v1/admin/speech-techniques/batch-create --> fluent-life-admin-api/internal/handlers.(*AdminHandler).BatchCreateSpeechTechniques-fm (4 handlers)
[GIN-debug] PUT    /api/v1/admin/speech-techniques/:id --> fluent-life-admin-api/internal/handlers.(*AdminHandler).UpdateSpeechTechnique-fm (4 handlers)
[GIN-debug] POST   /api/v1/admin/speech-techniques/delete-batch --> fluent-life-admin-api/internal/handlers.(*AdminHandler).DeleteSpeechTechnique-fm (4 handlers)
[GIN-debug] POST   /api/v1/admin/achievements --> fluent-life-admin-api/internal/handlers.(*AdminHandler).CreateAchievement-fm (4 handlers)
[GIN-debug] GET    /api/v1/admin/achievements --> fluent-life-admin-api/internal/handlers.(*AdminHandler).GetAchievements-fm (4 handlers)
[GIN-debug] GET    /api/v1/admin/achievements/:id --> fluent-life-admin-api/internal/handlers.(*AdminHandler).GetAchievement-fm (4 handlers)
[GIN-debug] DELETE /api/v1/admin/achievements/:id --> fluent-life-admin-api/internal/handlers.(*AdminHandler).DeleteAchievement-fm (4 handlers)
[GIN-debug] POST   /api/v1/admin/meditation-progress --> fluent-life-admin-api/internal/handlers.(*AdminHandler).CreateMeditationProgress-fm (4 handlers)
[GIN-debug] GET    /api/v1/admin/meditation-progress --> fluent-life-admin-api/internal/handlers.(*AdminHandler).GetMeditationProgresses-fm (4 handlers)
[GIN-debug] GET    /api/v1/admin/meditation-progress/:id --> fluent-life-admin-api/internal/handlers.(*AdminHandler).GetMeditationProgress-fm (4 handlers)
[GIN-debug] PUT    /api/v1/admin/meditation-progress/:id --> fluent-life-admin-api/internal/handlers.(*AdminHandler).UpdateMeditationProgress-fm (4 handlers)
[GIN-debug] DELETE /api/v1/admin/meditation-progress/:id --> fluent-life-admin-api/internal/handlers.(*AdminHandler).DeleteMeditationProgress-fm (4 handlers)
[GIN-debug] GET    /api/v1/admin/ai-conversations --> fluent-life-admin-api/internal/handlers.(*AdminHandler).GetAIConversations-fm (4 handlers)
[GIN-debug] GET    /api/v1/admin/ai-conversations/:id --> fluent-life-admin-api/internal/handlers.(*AdminHandler).GetAIConversation-fm (4 handlers)
[GIN-debug] POST   /api/v1/admin/ai-conversations/delete-batch --> fluent-life-admin-api/internal/handlers.(*AdminHandler).DeleteAIConversation-fm (4 handlers)
[GIN-debug] GET    /api/v1/admin/verification-codes --> fluent-life-admin-api/internal/handlers.(*AdminHandler).GetVerificationCodes-fm (4 handlers)
[GIN-debug] GET    /api/v1/admin/verification-codes/:id --> fluent-life-admin-api/internal/handlers.(*AdminHandler).GetVerificationCode-fm (4 handlers)
[GIN-debug] POST   /api/v1/admin/verification-codes/delete-batch --> fluent-life-admin-api/internal/handlers.(*AdminHandler).DeleteVerificationCode-fm (4 handlers)
[GIN-debug] GET    /api/v1/admin/test        --> fluent-life-admin-api/internal/handlers.(*AdminHandler).TestRoute-fm (4 handlers)
[GIN-debug] GET    /api/v1/admin/user-settings/:user_id --> fluent-life-admin-api/internal/handlers.(*AdminHandler).GetUserSettings-fm (4 handlers)
[GIN-debug] PUT    /api/v1/admin/user-settings/:user_id --> fluent-life-admin-api/internal/handlers.(*AdminHandler).UpdateUserSettings-fm (4 handlers)
[GIN-debug] GET    /api/v1/admin/user-settings --> fluent-life-admin-api/internal/handlers.(*AdminHandler).GetAllUserSettings-fm (4 handlers)
[GIN-debug] POST   /api/v1/admin/user-settings/:user_id/reset --> fluent-life-admin-api/internal/handlers.(*AdminHandler).ResetUserSettings-fm (4 handlers)
[GIN-debug] GET    /api/v1/admin/feedback    --> fluent-life-admin-api/internal/handlers.(*AdminHandler).GetFeedbackList-fm (4 handlers)
[GIN-debug] GET    /api/v1/admin/feedback/:id --> fluent-life-admin-api/internal/handlers.(*AdminHandler).GetFeedback-fm (4 handlers)
[GIN-debug] PUT    /api/v1/admin/feedback/:id/status --> fluent-life-admin-api/internal/handlers.(*AdminHandler).UpdateFeedbackStatus-fm (4 handlers)
[GIN-debug] DELETE /api/v1/admin/feedback/:id --> fluent-life-admin-api/internal/handlers.(*AdminHandler).DeleteFeedback-fm (4 handlers)
[GIN-debug] GET    /api/v1/admin/feedback-stats --> fluent-life-admin-api/internal/handlers.(*AdminHandler).GetFeedbackStats-fm (4 handlers)
[GIN-debug] GET    /api/v1/admin/legal-documents --> fluent-life-admin-api/internal/handlers.(*AdminHandler).GetLegalDocuments-fm (4 handlers)
[GIN-debug] GET    /api/v1/admin/legal-documents/:id --> fluent-life-admin-api/internal/handlers.(*AdminHandler).GetLegalDocument-fm (4 handlers)
[GIN-debug] POST   /api/v1/admin/legal-documents --> fluent-life-admin-api/internal/handlers.(*AdminHandler).CreateLegalDocument-fm (4 handlers)
[GIN-debug] PUT    /api/v1/admin/legal-documents/:id --> fluent-life-admin-api/internal/handlers.(*AdminHandler).UpdateLegalDocument-fm (4 handlers)
[GIN-debug] DELETE /api/v1/admin/legal-documents/:id --> fluent-life-admin-api/internal/handlers.(*AdminHandler).DeleteLegalDocument-fm (4 handlers)
[GIN-debug] GET    /api/v1/admin/ai-roles    --> fluent-life-admin-api/internal/handlers.(*AdminHandler).GetAIRoles-fm (4 handlers)
[GIN-debug] POST   /api/v1/admin/ai-roles    --> fluent-life-admin-api/internal/handlers.(*AdminHandler).CreateAIRole-fm (4 handlers)
[GIN-debug] PUT    /api/v1/admin/ai-roles/:id --> fluent-life-admin-api/internal/handlers.(*AdminHandler).UpdateAIRole-fm (4 handlers)
[GIN-debug] DELETE /api/v1/admin/ai-roles/:id --> fluent-life-admin-api/internal/handlers.(*AdminHandler).DeleteAIRole-fm (4 handlers)
[GIN-debug] POST   /api/v1/admin/ai-roles/init-from-config --> fluent-life-admin-api/internal/handlers.(*AdminHandler).InitAIRolesFromConfig-fm (4 handlers)
[GIN-debug] GET    /api/v1/admin/voice-types --> fluent-life-admin-api/internal/handlers.(*AdminHandler).GetVoiceTypes-fm (4 handlers)
[GIN-debug] GET    /api/v1/admin/voice-types/enabled --> fluent-life-admin-api/internal/handlers.(*AdminHandler).GetEnabledVoiceTypes-fm (4 handlers)
[GIN-debug] GET    /api/v1/admin/voice-types/:id --> fluent-life-admin-api/internal/handlers.(*AdminHandler).GetVoiceType-fm (4 handlers)
[GIN-debug] POST   /api/v1/admin/voice-types --> fluent-life-admin-api/internal/handlers.(*AdminHandler).CreateVoiceType-fm (4 handlers)
[GIN-debug] PUT    /api/v1/admin/voice-types/:id --> fluent-life-admin-api/internal/handlers.(*AdminHandler).UpdateVoiceType-fm (4 handlers)
[GIN-debug] DELETE /api/v1/admin/voice-types/:id --> fluent-life-admin-api/internal/handlers.(*AdminHandler).DeleteVoiceType-fm (4 handlers)
[GIN-debug] GET    /api/v1/admin/exposure/modules --> fluent-life-admin-api/internal/handlers.(*AdminExposureModuleHandler).GetModules-fm (4 handlers)
[GIN-debug] POST   /api/v1/admin/exposure/modules --> fluent-life-admin-api/internal/handlers.(*AdminExposureModuleHandler).CreateModule-fm (4 handlers)
[GIN-debug] PUT    /api/v1/admin/exposure/modules/order --> fluent-life-admin-api/internal/handlers.(*AdminExposureModuleHandler).BatchUpdateModulesOrder-fm (4 handlers)
[GIN-debug] GET    /api/v1/admin/exposure/modules/:id --> fluent-life-admin-api/internal/handlers.(*AdminExposureModuleHandler).GetModule-fm (4 handlers)
[GIN-debug] PUT    /api/v1/admin/exposure/modules/:id --> fluent-life-admin-api/internal/handlers.(*AdminExposureModuleHandler).UpdateModule-fm (4 handlers)
[GIN-debug] DELETE /api/v1/admin/exposure/modules/:id --> fluent-life-admin-api/internal/handlers.(*AdminExposureModuleHandler).DeleteModule-fm (4 handlers)
[GIN-debug] GET    /api/v1/admin/exposure/modules/:id/steps --> fluent-life-admin-api/internal/handlers.(*AdminExposureModuleHandler).GetModuleSteps-fm (4 handlers)
[GIN-debug] POST   /api/v1/admin/exposure/modules/:id/steps --> fluent-life-admin-api/internal/handlers.(*AdminExposureModuleHandler).CreateStep-fm (4 handlers)
[GIN-debug] PUT    /api/v1/admin/exposure/modules/:id/steps/order --> fluent-life-admin-api/internal/handlers.(*AdminExposureModuleHandler).BatchUpdateStepsOrder-fm (4 handlers)
[GIN-debug] PUT    /api/v1/admin/exposure/steps/:step_id --> fluent-life-admin-api/internal/handlers.(*AdminExposureModuleHandler).UpdateStep-fm (4 handlers)
[GIN-debug] DELETE /api/v1/admin/exposure/steps/:step_id --> fluent-life-admin-api/internal/handlers.(*AdminExposureModuleHandler).DeleteStep-fm (4 handlers)
[GIN-debug] GET    /api/v1/admin/videos      --> fluent-life-admin-api/internal/handlers.(*AdminVideoHandler).GetVideoList-fm (4 handlers)
[GIN-debug] GET    /api/v1/admin/videos/:id  --> fluent-life-admin-api/internal/handlers.(*AdminVideoHandler).GetVideoDetail-fm (4 handlers)
[GIN-debug] DELETE /api/v1/admin/videos/:id  --> fluent-life-admin-api/internal/handlers.(*AdminVideoHandler).DeleteVideo-fm (4 handlers)
[GIN-debug] POST   /api/v1/admin/videos/batch-delete --> fluent-life-admin-api/internal/handlers.(*AdminVideoHandler).BatchDeleteVideos-fm (4 handlers)
[GIN-debug] GET    /api/v1/admin/roles       --> fluent-life-admin-api/internal/handlers.(*AdminPermissionHandler).GetRoles-fm (4 handlers)
[GIN-debug] GET    /api/v1/admin/roles/:id   --> fluent-life-admin-api/internal/handlers.(*AdminPermissionHandler).GetRole-fm (4 handlers)
[GIN-debug] POST   /api/v1/admin/roles       --> fluent-life-admin-api/internal/handlers.(*AdminPermissionHandler).CreateRole-fm (4 handlers)
[GIN-debug] PUT    /api/v1/admin/roles/:id   --> fluent-life-admin-api/internal/handlers.(*AdminPermissionHandler).UpdateRole-fm (4 handlers)
[GIN-debug] DELETE /api/v1/admin/roles/:id   --> fluent-life-admin-api/internal/handlers.(*AdminPermissionHandler).DeleteRole-fm (4 handlers)
[GIN-debug] GET    /api/v1/admin/menus       --> fluent-life-admin-api/internal/handlers.(*AdminPermissionHandler).GetMenus-fm (4 handlers)
[GIN-debug] GET    /api/v1/admin/menus/:id   --> fluent-life-admin-api/internal/handlers.(*AdminPermissionHandler).GetMenu-fm (4 handlers)
[GIN-debug] POST   /api/v1/admin/menus       --> fluent-life-admin-api/internal/handlers.(*AdminPermissionHandler).CreateMenu-fm (4 handlers)
[GIN-debug] PUT    /api/v1/admin/menus/:id   --> fluent-life-admin-api/internal/handlers.(*AdminPermissionHandler).UpdateMenu-fm (4 handlers)
[GIN-debug] DELETE /api/v1/admin/menus/:id   --> fluent-life-admin-api/internal/handlers.(*AdminPermissionHandler).DeleteMenu-fm (4 handlers)
[GIN-debug] GET    /api/v1/admin/app-settings --> fluent-life-admin-api/internal/handlers.(*AdminAppSettingHandler).GetAppSettings-fm (4 handlers)
[GIN-debug] POST   /api/v1/admin/app-settings --> fluent-life-admin-api/internal/handlers.(*AdminAppSettingHandler).CreateAppSetting-fm (4 handlers)
[GIN-debug] PUT    /api/v1/admin/app-settings/:id --> fluent-life-admin-api/internal/handlers.(*AdminAppSettingHandler).UpdateAppSetting-fm (4 handlers)
[GIN-debug] DELETE /api/v1/admin/app-settings/:id --> fluent-life-admin-api/internal/handlers.(*AdminAppSettingHandler).DeleteAppSetting-fm (4 handlers)
[GIN-debug] GET    /api/v1/admin/help-categories --> fluent-life-admin-api/internal/handlers.(*AdminHelpHandler).GetHelpCategories-fm (4 handlers)
[GIN-debug] POST   /api/v1/admin/help-categories --> fluent-life-admin-api/internal/handlers.(*AdminHelpHandler).CreateHelpCategory-fm (4 handlers)
[GIN-debug] PUT    /api/v1/admin/help-categories/:id --> fluent-life-admin-api/internal/handlers.(*AdminHelpHandler).UpdateHelpCategory-fm (4 handlers)
[GIN-debug] DELETE /api/v1/admin/help-categories/:id --> fluent-life-admin-api/internal/handlers.(*AdminHelpHandler).DeleteHelpCategory-fm (4 handlers)
[GIN-debug] GET    /api/v1/admin/help-articles --> fluent-life-admin-api/internal/handlers.(*AdminHelpHandler).GetHelpArticles-fm (4 handlers)
[GIN-debug] POST   /api/v1/admin/help-articles --> fluent-life-admin-api/internal/handlers.(*AdminHelpHandler).CreateHelpArticle-fm (4 handlers)
[GIN-debug] PUT    /api/v1/admin/help-articles/:id --> fluent-life-admin-api/internal/handlers.(*AdminHelpHandler).UpdateHelpArticle-fm (4 handlers)
[GIN-debug] DELETE /api/v1/admin/help-articles/:id --> fluent-life-admin-api/internal/handlers.(*AdminHelpHandler).DeleteHelpArticle-fm (4 handlers)
2026/01/18 08:57:21 Admin API Server starting on :8082
[GIN-debug] [WARNING] You trusted all proxies, this is NOT safe. We recommend you to set a value.
Please check https://github.com/gin-gonic/gin/blob/master/docs/doc.md#dont-trust-all-proxies for details.
[GIN-debug] Listening and serving HTTP on :8082

2026/01/18 08:57:53 [31;1m/Users/zhangxiaobin/self-project/fluent-life-admin-api/internal/handlers/admin_help_handler.go:36 [35;1mERROR: syntax error at or near "order" (SQLSTATE 42601)
[0m[33m[3.514ms] [34;1m[rows:0][0m SELECT * FROM "help_categories" ORDER BY `order` ASC

2026/01/18 08:57:53 [31;1m/Users/zhangxiaobin/self-project/fluent-life-admin-api/internal/handlers/admin_help_handler.go:36 [35;1mERROR: syntax error at or near "order" (SQLSTATE 42601)
[0m[33m[0.556ms] [34;1m[rows:0][0m SELECT * FROM "help_categories" ORDER BY `order` ASC

2026/01/18 08:57:54 [31;1m/Users/zhangxiaobin/self-project/fluent-life-admin-api/internal/handlers/admin_help_handler.go:36 [35;1mERROR: syntax error at or near "order" (SQLSTATE 42601)
[0m[33m[1.037ms] [34;1m[rows:0][0m SELECT * FROM "help_categories" ORDER BY `order` ASC

2026/01/18 08:57:54 [31;1m/Users/zhangxiaobin/self-project/fluent-life-admin-api/internal/handlers/admin_help_handler.go:144 [35;1mERROR: syntax error at or near "order" (SQLSTATE 42601)
[0m[33m[0.221ms] [34;1m[rows:0][0m SELECT * FROM "help_articles" ORDER BY `order` ASC, created_at DESC

2026/01/18 08:57:54 [31;1m/Users/zhangxiaobin/self-project/fluent-life-admin-api/internal/handlers/admin_help_handler.go:144 [35;1mERROR: syntax error at or near "order" (SQLSTATE 42601)
[0m[33m[0.241ms] [34;1m[rows:0][0m SELECT * FROM "help_articles" ORDER BY `order` ASC, created_at DESC

2026/01/18 08:57:54 [31;1m/Users/zhangxiaobin/self-project/fluent-life-admin-api/internal/handlers/admin_help_handler.go:36 [35;1mERROR: syntax error at or near "order" (SQLSTATE 42601)
[0m[33m[0.442ms] [34;1m[rows:0][0m SELECT * FROM "help_categories" ORDER BY `order` ASC

2026/01/18 08:57:54 [31;1m/Users/zhangxiaobin/self-project/fluent-life-admin-api/internal/handlers/admin_help_handler.go:144 [35;1mERROR: syntax error at or near "order" (SQLSTATE 42601)
[0m[33m[0.106ms] [34;1m[rows:0][0m SELECT * FROM "help_articles" ORDER BY `order` ASC, created_at DESC

2026/01/18 08:57:54 [31;1m/Users/zhangxiaobin/self-project/fluent-life-admin-api/internal/handlers/admin_help_handler.go:144 [35;1mERROR: syntax error at or near "order" (SQLSTATE 42601)
[0m[33m[0.128ms] [34;1m[rows:0][0m SELECT * FROM "help_articles" ORDER BY `order` ASC, created_at DESC

2026/01/18 08:59:04 [31;1m/Users/zhangxiaobin/self-project/fluent-life-admin-api/internal/handlers/admin_help_handler.go:36 [35;1mERROR: syntax error at or near "order" (SQLSTATE 42601)
[0m[33m[0.386ms] [34;1m[rows:0][0m SELECT * FROM "help_categories" ORDER BY `order` ASC

2026/01/18 08:59:04 [31;1m/Users/zhangxiaobin/self-project/fluent-life-admin-api/internal/handlers/admin_help_handler.go:36 [35;1mERROR: syntax error at or near "order" (SQLSTATE 42601)
[0m[33m[0.315ms] [34;1m[rows:0][0m SELECT * FROM "help_categories" ORDER BY `order` ASC
